<?xml version="1.0" encoding="UTF-8"?>
<testng-results skipped="0" failed="0" ignored="0" total="1" passed="1">
  <reporter-output>
  </reporter-output>
  <suite name="Suite" duration-ms="49" started-at="2020-01-04T23:30:44 IST" finished-at="2020-01-04T23:30:44 IST">
    <groups>
    </groups>
    <test name="Test" duration-ms="49" started-at="2020-01-04T23:30:44 IST" finished-at="2020-01-04T23:30:44 IST">
      <class name="testPackage.AppTest">
        <test-method status="PASS" signature="test()[pri:0, instance:testPackage.AppTest@7791a895]" name="test" duration-ms="13" started-at="2020-01-04T23:30:44 IST" finished-at="2020-01-04T23:30:44 IST">
          <reporter-output>
          </reporter-output>
        </test-method> <!-- test -->
      </class> <!-- testPackage.AppTest -->
    </test> <!-- Test -->
  </suite> <!-- Suite -->
</testng-results>
